2023-01-06 17:56:46.644  INFO 257428 --- [main] ru.otus.homework.hw16.Application        : Starting Application using Java 11.0.17 on hp250g7 with PID 257428 (/home/user/IdeaProjects/Otus/lesson/2022-08-otus-spring-kokorev/hw-16-metrics/target/classes started by user in /home/user/IdeaProjects/Otus/lesson/2022-08-otus-spring-kokorev)
2023-01-06 17:56:46.674  INFO 257428 --- [main] ru.otus.homework.hw16.Application        : No active profile set, falling back to 1 default profile: "default"
2023-01-06 17:56:48.320  INFO 257428 --- [main] .s.d.r.c.RepositoryConfigurationDelegate : Bootstrapping Spring Data JPA repositories in DEFAULT mode.
2023-01-06 17:56:48.406  INFO 257428 --- [main] .s.d.r.c.RepositoryConfigurationDelegate : Finished Spring Data repository scanning in 74 ms. Found 5 JPA repository interfaces.
2023-01-06 17:56:48.868  INFO 257428 --- [main] trationDelegate$BeanPostProcessorChecker : Bean 'org.springframework.boot.autoconfigure.jdbc.DataSourceConfiguration$Hikari' of type [org.springframework.boot.autoconfigure.jdbc.DataSourceConfiguration$Hikari] is not eligible for getting processed by all BeanPostProcessors (for example: not eligible for auto-proxying)
2023-01-06 17:56:48.904  INFO 257428 --- [main] trationDelegate$BeanPostProcessorChecker : Bean 'spring.datasource-org.springframework.boot.autoconfigure.jdbc.DataSourceProperties' of type [org.springframework.boot.autoconfigure.jdbc.DataSourceProperties] is not eligible for getting processed by all BeanPostProcessors (for example: not eligible for auto-proxying)
2023-01-06 17:56:48.939  INFO 257428 --- [main] trationDelegate$BeanPostProcessorChecker : Bean 'dataSource' of type [com.zaxxer.hikari.HikariDataSource] is not eligible for getting processed by all BeanPostProcessors (for example: not eligible for auto-proxying)
2023-01-06 17:56:48.946  INFO 257428 --- [main] trationDelegate$BeanPostProcessorChecker : Bean 'aclMethodSecurityConfig' of type [ru.otus.homework.hw16.config.AclMethodSecurityConfig$$EnhancerBySpringCGLIB$$d4c11baa] is not eligible for getting processed by all BeanPostProcessors (for example: not eligible for auto-proxying)
2023-01-06 17:56:48.992  WARN 257428 --- [main] n.s.ehcache.config.ConfigurationFactory  : No configuration found. Configuring ehcache from ehcache-failsafe.xml  found in the classpath: jar:file:/home/user/.m2/repository/net/sf/ehcache/ehcache-core/2.6.11/ehcache-core-2.6.11.jar!/ehcache-failsafe.xml
2023-01-06 17:56:49.095  INFO 257428 --- [main] trationDelegate$BeanPostProcessorChecker : Bean 'aclCacheManager' of type [org.springframework.cache.ehcache.EhCacheManagerFactoryBean] is not eligible for getting processed by all BeanPostProcessors (for example: not eligible for auto-proxying)
2023-01-06 17:56:49.109  INFO 257428 --- [main] trationDelegate$BeanPostProcessorChecker : Bean 'aclCacheManager' of type [net.sf.ehcache.CacheManager] is not eligible for getting processed by all BeanPostProcessors (for example: not eligible for auto-proxying)
2023-01-06 17:56:49.139  INFO 257428 --- [main] trationDelegate$BeanPostProcessorChecker : Bean 'aclEhCacheFactoryBean' of type [org.springframework.cache.ehcache.EhCacheFactoryBean] is not eligible for getting processed by all BeanPostProcessors (for example: not eligible for auto-proxying)
2023-01-06 17:56:49.177  INFO 257428 --- [main] trationDelegate$BeanPostProcessorChecker : Bean 'aclEhCacheFactoryBean' of type [net.sf.ehcache.Cache] is not eligible for getting processed by all BeanPostProcessors (for example: not eligible for auto-proxying)
2023-01-06 17:56:49.192  INFO 257428 --- [main] trationDelegate$BeanPostProcessorChecker : Bean 'permissionGrantingStrategy' of type [org.springframework.security.acls.domain.DefaultPermissionGrantingStrategy] is not eligible for getting processed by all BeanPostProcessors (for example: not eligible for auto-proxying)
2023-01-06 17:56:49.199  INFO 257428 --- [main] trationDelegate$BeanPostProcessorChecker : Bean 'aclAuthorizationStrategy' of type [org.springframework.security.acls.domain.AclAuthorizationStrategyImpl] is not eligible for getting processed by all BeanPostProcessors (for example: not eligible for auto-proxying)
2023-01-06 17:56:49.201  INFO 257428 --- [main] trationDelegate$BeanPostProcessorChecker : Bean 'aclCache' of type [org.springframework.security.acls.domain.EhCacheBasedAclCache] is not eligible for getting processed by all BeanPostProcessors (for example: not eligible for auto-proxying)
2023-01-06 17:56:49.219  INFO 257428 --- [main] trationDelegate$BeanPostProcessorChecker : Bean 'lookupStrategy' of type [org.springframework.security.acls.jdbc.BasicLookupStrategy] is not eligible for getting processed by all BeanPostProcessors (for example: not eligible for auto-proxying)
2023-01-06 17:56:49.222  INFO 257428 --- [main] trationDelegate$BeanPostProcessorChecker : Bean 'aclService' of type [org.springframework.security.acls.jdbc.JdbcMutableAclService] is not eligible for getting processed by all BeanPostProcessors (for example: not eligible for auto-proxying)
2023-01-06 17:56:49.794  INFO 257428 --- [main] o.s.b.w.embedded.tomcat.TomcatWebServer  : Tomcat initialized with port(s): 8080 (http)
2023-01-06 17:56:49.812  INFO 257428 --- [main] o.apache.catalina.core.StandardService   : Starting service [Tomcat]
2023-01-06 17:56:49.812  INFO 257428 --- [main] org.apache.catalina.core.StandardEngine  : Starting Servlet engine: [Apache Tomcat/9.0.65]
2023-01-06 17:56:49.956  INFO 257428 --- [main] o.a.c.c.C.[Tomcat].[localhost].[/]       : Initializing Spring embedded WebApplicationContext
2023-01-06 17:56:49.957  INFO 257428 --- [main] w.s.c.ServletWebServerApplicationContext : Root WebApplicationContext: initialization completed in 3132 ms
2023-01-06 17:56:50.194  INFO 257428 --- [main] com.zaxxer.hikari.HikariDataSource       : HikariPool-1 - Starting...
2023-01-06 17:56:50.554  INFO 257428 --- [main] com.zaxxer.hikari.HikariDataSource       : HikariPool-1 - Start completed.
2023-01-06 17:56:50.572  INFO 257428 --- [main] o.s.b.a.h2.H2ConsoleAutoConfiguration    : H2 console available at '/h2-console'. Database available at 'jdbc:h2:file:~/aclBook'
2023-01-06 17:56:51.016  INFO 257428 --- [main] o.hibernate.jpa.internal.util.LogHelper  : HHH000204: Processing PersistenceUnitInfo [name: default]
2023-01-06 17:56:51.077  INFO 257428 --- [main] org.hibernate.Version                    : HHH000412: Hibernate ORM core version 5.6.11.Final
2023-01-06 17:56:51.311  INFO 257428 --- [main] o.hibernate.annotations.common.Version   : HCANN000001: Hibernate Commons Annotations {5.1.2.Final}
2023-01-06 17:56:51.452  INFO 257428 --- [main] org.hibernate.dialect.Dialect            : HHH000400: Using dialect: org.hibernate.dialect.H2Dialect
2023-01-06 17:56:52.264  INFO 257428 --- [main] o.h.e.t.j.p.i.JtaPlatformInitiator       : HHH000490: Using JtaPlatform implementation: [org.hibernate.engine.transaction.jta.platform.internal.NoJtaPlatform]
2023-01-06 17:56:52.274  INFO 257428 --- [main] j.LocalContainerEntityManagerFactoryBean : Initialized JPA EntityManagerFactory for persistence unit 'default'
2023-01-06 17:56:52.983  INFO 257428 --- [main] o.s.s.web.DefaultSecurityFilterChain     : Will secure any request with [org.springframework.security.web.session.DisableEncodeUrlFilter@260043d, org.springframework.security.web.context.request.async.WebAsyncManagerIntegrationFilter@3338d29d, org.springframework.security.web.context.SecurityContextPersistenceFilter@5af7e2f, org.springframework.security.web.header.HeaderWriterFilter@1196537d, org.springframework.security.web.authentication.logout.LogoutFilter@40ed4674, org.springframework.security.web.authentication.UsernamePasswordAuthenticationFilter@4d1f168, org.springframework.security.web.authentication.ui.DefaultLoginPageGeneratingFilter@55849272, org.springframework.security.web.authentication.ui.DefaultLogoutPageGeneratingFilter@5e1e19af, org.springframework.security.web.savedrequest.RequestCacheAwareFilter@c76762, org.springframework.security.web.servletapi.SecurityContextHolderAwareRequestFilter@5318731f, org.springframework.security.web.authentication.AnonymousAuthenticationFilter@3792fed8, org.springframework.security.web.session.SessionManagementFilter@13976c57, org.springframework.security.web.access.ExceptionTranslationFilter@11c40a65, org.springframework.security.web.access.intercept.FilterSecurityInterceptor@42d96745]
2023-01-06 17:56:53.041  WARN 257428 --- [main] JpaBaseConfiguration$JpaWebConfiguration : spring.jpa.open-in-view is enabled by default. Therefore, database queries may be performed during view rendering. Explicitly configure spring.jpa.open-in-view to disable this warning
2023-01-06 17:56:53.223  INFO 257428 --- [main] o.s.b.a.w.s.WelcomePageHandlerMapping    : Adding welcome page template: index
2023-01-06 17:56:53.749  INFO 257428 --- [main] o.s.b.a.e.web.EndpointLinksResolver      : Exposing 14 endpoint(s) beneath base path '/actuator'
2023-01-06 17:56:53.807  INFO 257428 --- [main] o.s.b.w.embedded.tomcat.TomcatWebServer  : Tomcat started on port(s): 8080 (http) with context path ''
2023-01-06 17:56:53.827  INFO 257428 --- [main] ru.otus.homework.hw16.Application        : Started Application in 11.467 seconds (JVM running for 12.525)
2023-01-06 17:57:00.186  INFO 257428 --- [http-nio-8080-exec-1] o.a.c.c.C.[Tomcat].[localhost].[/]       : Initializing Spring DispatcherServlet 'dispatcherServlet'
2023-01-06 17:57:00.186  INFO 257428 --- [http-nio-8080-exec-1] o.s.web.servlet.DispatcherServlet        : Initializing Servlet 'dispatcherServlet'
2023-01-06 17:57:00.188  INFO 257428 --- [http-nio-8080-exec-1] o.s.web.servlet.DispatcherServlet        : Completed initialization in 1 ms
2023-01-06 17:59:27.824  INFO 257428 --- [SpringApplicationShutdownHook] j.LocalContainerEntityManagerFactoryBean : Closing JPA EntityManagerFactory for persistence unit 'default'
2023-01-06 17:59:27.833  INFO 257428 --- [SpringApplicationShutdownHook] com.zaxxer.hikari.HikariDataSource       : HikariPool-1 - Shutdown initiated...
2023-01-06 17:59:27.836  INFO 257428 --- [SpringApplicationShutdownHook] com.zaxxer.hikari.HikariDataSource       : HikariPool-1 - Shutdown completed.
