1669404333058:help
1669404359606:print-books
1669404377358:add-book 1234 "Заголовок"
1669404382903:print-books
1669404426227:add-author "Иванов Иван Иванович"
1669404480149:add-author "Иванов Иван"
1669404486541:print-authors
1669404501183:delete-author-by-full-name "Иванов Иван"
1669404505325:print-authors
1669404517989:print-genres
1669404525120:add-genre "Жанр"
1669404536209:print-genres
1669404544668:delete-genre-by-name "Жанр"
1669404549549:print-genres
1669404565041:print-book
1669404578764:print-books
1669404601824:add-author-book "Иванов Иван Иванович"
1669404614954:select-book 1234
1669404620221:add-author-book "Иванов Иван Иванович"
1669404629175:print-book
1669405405075:print-books
1669405414849:select-book 1234
1669405440202:add-author-book "Иванов Иван Иванович"
1669405446929:print-book
1669405493351:help
1669405516198:delete-author-by-full-name "Иванов Иван Иванович"
1669406323489:add-book 1234 Title [Автор] [Жанр]
1669406336565:prinb-books
1669406341452:print-books
1669406546633:add-book 1234 Title
1669406550574:print-books
1669406556957:select-book
1669406564151:select-book 1234
1669406567148:print-book
1669406583838:add-author-book "Иванов Иван"
1669406590184:stacktrace
1669406852156:select-book 1234
1669406854344:add-author-book "Иванов Иван"
1669406981898:select-book 1234
1669406999977:add-author-book "Иванов Иван Иванович"
1669407027583:add-genre-book Жанр
1669407053415:print-books-by-author Иванов
1669407067817:print-books-by-genre Жанр
1669407083863:update-book-title NewTitle
1669407088017:print-book
1669407115156:add-comment "Новый коммент"
1669407716833:select-book 1234
1669407734306:add-comment "Новый коммент"
1669407739136:add-comment "Новый коммент 2"
1669408997172:select-book 1234
1669409011605:help
1669409019397:print-comments
1669409031205:delete-comment-id 1
1669409144936:select-book 1234
1669409148662:help
1669409154720:delete-comment-id 1
